[2220:15868:0521/235343.183:INFO:CONSOLE(0)] "[DOM] Input elements should have autocomplete attributes (suggested: "current-password"): (More info: https://goo.gl/9p2vKq) %o", source: https://www.linkedin.com/login (0)
[2220:15868:0521/235343.221:INFO:CONSOLE(1)] "RTP data channels are no longer supported. The "RtpDataChannels" constraint is currently ignored, and may cause an error at a later date.", source: https://static-exp1.licdn.com/sc/h/6jblk5oqhlo45xbkmcr7s4zix (1)
[2220:15868:0521/235344.575:INFO:CONSOLE(1)] "Refused to load the script 'https://www.googletagmanager.com/gtag/js?id=AW-979305453' because it violates the following Content Security Policy directive: "script-src 'report-sample' 'unsafe-inline' 'unsafe-eval' 'self' spdy.linkedin.com static-src.linkedin.com *.ads.linkedin.com *.licdn.com static.chartbeat.com www.google-analytics.com ssl.google-analytics.com bcvipva02.rightnowtech.com www.bizographics.com sjs.bizographics.com js.bizographics.com d.la4-c1-was.salesforceliveagent.com slideshare.www.linkedin.com https://snap.licdn.com/li.lms-analytics/ platform.linkedin.com platform-akam.linkedin.com platform-ecst.linkedin.com platform-azur.linkedin.com". Note that 'script-src-elem' was not explicitly set, so 'script-src' is used as a fallback.
", source: https://platform.linkedin.com/litms/utag/checkpoint-frontend/utag.js?cb=1621621200000 (1)
[2220:15868:0521/235345.918:INFO:CONSOLE(8)] "visitor.publishDestinations() result: Attempted to attach and load the destination publishing iframe through this API call. Result: The destination publishing iframe was attached and loaded successfully.", source: https://platform.linkedin.com/litms/utag/checkpoint-frontend/utag.js?cb=1621621200000 (8)
[2220:15868:0521/235348.964:INFO:CONSOLE(58)] "Using profile voyager-web-feed for route feed.index.index", source: https://static-exp1.licdn.com/sc/h/6oydvamu0ccyz6bjubzwr4zq1 (58)
[2220:15868:0521/235350.319:INFO:CONSOLE(462)] "quill Overwriting modules/clipboard with class extends i{onPaste(e){var t
if(null===(t=e.clipboardData)||void 0===t?void 0:t.getData("text/link-preview")){const t=this.quill.getSelection()
if(!t)return super.onPaste(e)
e.preventDefault()
const i=e.clipboardData.getData("text/plain"),r=(new n).retain(t.index).delete(t.length).insert(i)
this.quill.updateContents(r,"silent")
const a=i.length+t.index,o=0
this.quill.setSelection(a,o,"silent")}return super.onPaste(e)}}", source: https://static-exp1.licdn.com/sc/h/bo45nv088l7tyo5hiqvdsh4jl (462)
[2220:15868:0521/235350.837:INFO:CONSOLE(14792)] "This response was unable to be parsed as json. ", source: https://static-exp1.licdn.com/sc/h/6zhldz0t3mv75bw6egn04326 (14792)
[2220:15868:0521/235351.385:INFO:CONSOLE(14792)] "This response was unable to be parsed as json. ", source: https://static-exp1.licdn.com/sc/h/6zhldz0t3mv75bw6egn04326 (14792)
[2220:15868:0521/235351.835:INFO:CONSOLE(8)] "visitor.publishDestinations() result: Attempted to attach and load the destination publishing iframe through this API call. Result: The destination publishing iframe was attached and loaded successfully.", source: https://platform.linkedin.com/litms/utag/voyager-web-feed/utag.js?cb=1621621200000 (8)
[2220:15868:0521/235351.899:INFO:CONSOLE(14792)] "This response was unable to be parsed as json. ", source: https://static-exp1.licdn.com/sc/h/6zhldz0t3mv75bw6egn04326 (14792)
[2220:15868:0521/235352.312:ERROR:device_event_log_impl.cc(214)] [23:53:52.313] USB: usb_device_handle_win.cc:1054 Failed to read descriptor from node connection: A device attached to the system is not functioning. (0x1F)
[2220:15868:0521/235352.314:ERROR:device_event_log_impl.cc(214)] [23:53:52.315] USB: usb_device_handle_win.cc:1054 Failed to read descriptor from node connection: A device attached to the system is not functioning. (0x1F)
[2220:15868:0521/235352.479:INFO:CONSOLE(14792)] "This response was unable to be parsed as json. ", source: https://static-exp1.licdn.com/sc/h/6zhldz0t3mv75bw6egn04326 (14792)
[2220:15868:0521/235352.947:INFO:CONSOLE(14792)] "This response was unable to be parsed as json. ", source: https://static-exp1.licdn.com/sc/h/6zhldz0t3mv75bw6egn04326 (14792)
[2220:15868:0521/235354.463:INFO:CONSOLE(58)] "Using profile voyager-web-mynetwork for route mynetwork.invitation-manager.pending", source: https://static-exp1.licdn.com/sc/h/6oydvamu0ccyz6bjubzwr4zq1 (58)
[2220:15868:0521/235355.087:INFO:CONSOLE(14792)] "This response was unable to be parsed as json. ", source: https://static-exp1.licdn.com/sc/h/6zhldz0t3mv75bw6egn04326 (14792)
